make all --print-data-base --no-builtin-variables --no-builtin-rules --question
# GNU Make 4.2.1
# Built for x86_64-pc-linux-gnu
# Copyright (C) 1988-2016 Free Software Foundation, Inc.
# License GPLv3+: GNU GPL version 3 or later <http://gnu.org/licenses/gpl.html>
# This is free software: you are free to change and redistribute it.
# There is NO WARRANTY, to the extent permitted by law.

# Make data base, printed on Wed Aug 24 15:24:19 2022

# Variables

# 'override' directive
GNUMAKEFLAGS := 
# automatic
<D = $(patsubst %/,%,$(dir $<))
# automatic
?F = $(notdir $?)
# environment
DESKTOP_SESSION = ubuntu
# default
.SHELLFLAGS := -c
# environment
XDG_SESSION_CLASS = user
# environment
XDG_SESSION_TYPE = x11
# environment
VSCODE_LOG_NATIVE = false
# makefile (from 'Makefile', line 10)
EXE_Server = Server
# automatic
?D = $(patsubst %/,%,$(dir $?))
# environment
IM_CONFIG_PHASE = 1
# automatic
@D = $(patsubst %/,%,$(dir $@))
# environment
XAUTHORITY = /run/user/1000/gdm/Xauthority
# environment
GDMSESSION = ubuntu
# environment
XMODIFIERS = @im=ibus
# makefile
CURDIR := /home/mouadh/Desktop/Exercice1
# makefile
SHELL = /bin/sh
# environment
VSCODE_NLS_CONFIG = {"locale":"en-us","availableLanguages":{},"_languagePackSupport":true}
# environment
_ = /usr/share/code/code
# makefile (from 'Makefile', line 8)
CFLAGS = -Wall
# environment
JOURNAL_STREAM = 8:55013
# environment
XDG_CONFIG_DIRS = /etc/xdg/xdg-ubuntu:/etc/xdg
# makefile (from 'Makefile', line 1)
MAKEFILE_LIST :=  Makefile
# automatic
@F = $(notdir $@)
# environment
GIO_LAUNCHED_DESKTOP_FILE = /usr/share/applications/code.desktop
# environment
USERNAME = mouadh
# environment
MAKELEVEL := 0
# environment
MANDATORY_PATH = /usr/share/gconf/ubuntu.mandatory.path
# environment
XDG_DATA_DIRS = /usr/share/ubuntu:/usr/local/share/:/usr/share/:/var/lib/snapd/desktop
# environment
DBUS_SESSION_BUS_ADDRESS = unix:path=/run/user/1000/bus
# environment
VSCODE_VERBOSE_LOGGING = true
# environment
MANAGERPID = 2173
# environment
LESSOPEN = | /usr/bin/lesspipe %s
# environment
LC_NAME = ar_TN.UTF-8
# environment
VSCODE_CWD = /home/mouadh
# default
MAKE_HOST := x86_64-pc-linux-gnu
# environment
PATH = /home/tools/Xilinx/SDK/2018.3/bin:/home/tools/Xilinx/SDK/2018.3/gnu/microblaze/lin/bin:/home/tools/Xilinx/SDK/2018.3/gnu/arm/lin/bin:/home/tools/Xilinx/SDK/2018.3/gnu/microblaze/linux_toolchain/lin64_le/bin:/home/tools/Xilinx/SDK/2018.3/gnu/aarch32/lin/gcc-arm-linux-gnueabi/bin:/home/tools/Xilinx/SDK/2018.3/gnu/aarch32/lin/gcc-arm-none-eabi/bin:/home/tools/Xilinx/SDK/2018.3/gnu/aarch64/lin/aarch64-linux/bin:/home/tools/Xilinx/SDK/2018.3/gnu/aarch64/lin/aarch64-none/bin:/home/tools/Xilinx/SDK/2018.3/gnu/armr5/lin/gcc-arm-none-eabi/bin:/home/tools/Xilinx/SDK/2018.3/tps/lnx64/cmake-3.3.2/bin:/home/tools/Xilinx/Vivado/2018.3/bin:/home/tools/Xilinx/DocNav:/home/mouadh/.local/bin:/home/tools/Xilinx/SDK/2018.3/bin:/home/tools/Xilinx/SDK/2018.3/gnu/microblaze/lin/bin:/home/tools/Xilinx/SDK/2018.3/gnu/arm/lin/bin:/home/tools/Xilinx/SDK/2018.3/gnu/microblaze/linux_toolchain/lin64_le/bin:/home/tools/Xilinx/SDK/2018.3/gnu/aarch32/lin/gcc-arm-linux-gnueabi/bin:/home/tools/Xilinx/SDK/2018.3/gnu/aarch32/lin/gcc-arm-none-eabi/bin:/home/tools/Xilinx/SDK/2018.3/gnu/aarch64/lin/aarch64-linux/bin:/home/tools/Xilinx/SDK/2018.3/gnu/aarch64/lin/aarch64-none/bin:/home/tools/Xilinx/SDK/2018.3/gnu/armr5/lin/gcc-arm-none-eabi/bin:/home/tools/Xilinx/SDK/2018.3/tps/lnx64/cmake-3.3.2/bin:/home/tools/Xilinx/Vivado/2018.3/bin:/home/tools/Xilinx/DocNav:/home/mouadh/.local/bin:/usr/local/sbin:/usr/local/bin:/usr/sbin:/usr/bin:/sbin:/bin:/usr/games:/usr/local/games:/snap/bin
# environment
XILINX_VIVADO = /home/tools/Xilinx/Vivado/2018.3
# environment
GPG_AGENT_INFO = /run/user/1000/gnupg/S.gpg-agent:0:1
# environment
GJS_DEBUG_OUTPUT = stderr
# environment
SESSION_MANAGER = local/mouadh-ThinkPad-W520:@/tmp/.ICE-unix/2395,unix/mouadh-ThinkPad-W520:/tmp/.ICE-unix/2395
# environment
XDG_RUNTIME_DIR = /run/user/1000
# environment
XDG_MENU_PREFIX = gnome-
# environment
VSCODE_LOG_STACK = false
# environment
VSCODE_CRASH_REPORTER_START_OPTIONS = {"companyName":"Microsoft","productName":"VSCode","submitURL":"appcenter://code?aid=fba07a4d-84bd-4fc8-a125-9640fc8ce171&uid=6f0525b6-a403-4e29-9260-31180f3061a6&iid=6f0525b6-a403-4e29-9260-31180f3061a6&sid=6f0525b6-a403-4e29-9260-31180f3061a6","uploadToServer":true}
# environment
INVOCATION_ID = 40cd7a53beff4b508711e86e2c833235
# default
.FEATURES := target-specific order-only second-expansion else-if shortest-stem undefine oneshell archives jobserver output-sync check-symlink load
# environment
LS_COLORS = 
# environment
XDG_SESSION_DESKTOP = ubuntu
# environment
SSH_AUTH_SOCK = /run/user/1000/keyring/ssh
# environment
GIO_LAUNCHED_DESKTOP_FILE_PID = 2977
# automatic
%F = $(notdir $%)
# environment
DISPLAY = :0
# environment
VSCODE_PIPE_LOGGING = true
# environment
PWD = /home/mouadh/Desktop/Exercice1
# default
.LOADED := 
# environment
SSH_AGENT_PID = 2360
# environment
ORIGINAL_XDG_CURRENT_DESKTOP = ubuntu:GNOME
# environment
GTK_MODULES = gail:atk-bridge
# environment
VSCODE_AMD_ENTRYPOINT = vs/workbench/services/extensions/node/extensionHostProcess
# environment
HOME = /home/mouadh
# environment
LESSCLOSE = /usr/bin/lesspipe %s %s
# makefile (from 'Makefile', line 9)
BuildFolder = ./$(BUILD_DIR)
# environment
VSCODE_CODE_CACHE_PATH = /home/mouadh/.config/Code/CachedData/6cba118ac49a1b88332f312a8f67186f7f3c1643
# environment
LOGNAME = mouadh
# environment
APPLICATION_INSIGHTS_NO_DIAGNOSTIC_CHANNEL = true
# automatic
+F = $(notdir $+)
# environment
VSCODE_HANDLES_UNCAUGHT_ERRORS = true
# environment
GNOME_DESKTOP_SESSION_ID = this-is-deprecated
# automatic
^D = $(patsubst %/,%,$(dir $^))
# environment
LC_TIME = ar_TN.UTF-8
# default
MAKE = $(MAKE_COMMAND)
# default
MAKECMDGOALS := all
# environment
QT_IM_MODULE = ibus
# environment
SHLVL = 0
# makefile (from 'Makefile', line 7)
CC = gcc
# environment
GNOME_SHELL_SESSION_MODE = ubuntu
# makefile (from 'Makefile', line 6)
BUILD_DIR = build
# environment
VSCODE_IPC_HOOK_EXTHOST = /run/user/1000/vscode-ipc-fae1892a-b694-4722-9a0e-f8d328ff5be7.sock
# default
MAKE_VERSION := 4.2.1
# environment
USER = mouadh
# environment
LC_MONETARY = ar_TN.UTF-8
# makefile
.DEFAULT_GOAL := all
# environment
XDG_CURRENT_DESKTOP = Unity
# automatic
%D = $(patsubst %/,%,$(dir $%))
# environment
LC_TELEPHONE = ar_TN.UTF-8
# default
MAKE_COMMAND := make
# default
.VARIABLES := 
# automatic
*F = $(notdir $*)
# environment
VSCODE_IPC_HOOK = /run/user/1000/vscode-f50dc551-1.61.2-main.sock
# makefile
MAKEFLAGS = pqrR
# environment
MFLAGS = -pqrR
# automatic
*D = $(patsubst %/,%,$(dir $*))
# environment
BREAKPAD_DUMP_LOCATION = /home/mouadh/.config/Code/exthost Crash Reports
# automatic
+D = $(patsubst %/,%,$(dir $+))
# environment
GDK_BACKEND = x11
# environment
LC_PAPER = ar_TN.UTF-8
# environment
QT_ACCESSIBILITY = 1
# environment
DEFAULTS_PATH = /usr/share/gconf/ubuntu.default.path
# 'override' directive
.SHELLSTATUS := 0
# default
MAKEFILES := 
# environment
LC_NUMERIC = ar_TN.UTF-8
# automatic
<F = $(notdir $<)
# environment
ELECTRON_RUN_AS_NODE = 1
# environment
LC_MEASUREMENT = ar_TN.UTF-8
# environment
LC_ALL = C
# makefile (from 'Makefile', line 11)
EXE_Client = Client
# environment
GJS_DEBUG_TOPICS = JS ERROR;JS LOG
# automatic
^F = $(notdir $^)
# default
SUFFIXES := 
# environment
CHROME_DESKTOP = code-url-handler.desktop
# environment
WINDOWPATH = 2
# default
.INCLUDE_DIRS = /usr/include /usr/local/include /usr/include
# environment
LC_IDENTIFICATION = ar_TN.UTF-8
# default
.RECIPEPREFIX := 
# environment
LC_ADDRESS = ar_TN.UTF-8
# environment
LANG = C
# environment
VSCODE_PID = 2977
# variable set hash-table stats:
# Load=118/1024=12%, Rehash=0, Collisions=21/155=14%

# Pattern-specific Variable Values

# No pattern-specific variable values.

# Directories

# . (device 2070, inode 21839907): 11 files, no impossibilities.

# 11 files, no impossibilities in 1 directories.

# Implicit Rules

# No implicit rules.

# Files

mrproper: clean
#  Implicit rule search has not been done.
#  Modification time never checked.
#  File has not been updated.
#  recipe to execute (from 'Makefile', line 24):
	rm -r $(BuildFolder)
	

all: Server Client
#  Command line target.
#  Implicit rule search has been done.
#  File does not exist.
#  File has been updated.
#  Needs to be updated (-q is set).
# variable set hash-table stats:
# Load=0/32=0%, Rehash=0, Collisions=0/8=0%

Client: Client.c
#  Implicit rule search has not been done.
 
#  Modification time never checked.
#  File has not been updated.
#  recipe to execute (from 'Makefile', line 20):
	$(CC) $(CFLAGS) Client.c -o $(BuildFolder)/$(EXE_Client)

# Not a target:
.SUFFIXES:
#  Implicit rule search has not been done.
#  Modification time never checked.
#  File has not been updated.

# Not a target:
Makefile:
#  Implicit rule search has been done.
#  Last modified 2022-08-23 18:20:43.793468
#  File has been updated.
#  Successfully updated.

Server: Server.c
#  Implicit rule search has not been done.
#  Implicit/static pattern stem: ''
#  File does not exist.
#  File has been updated.
#  Needs to be updated (-q is set).
# automatic
# @ := Server
# automatic
# % := 
# automatic
# * := 
# automatic
# + := Server.c
# automatic
# | := 
# automatic
# < := Server.c
# automatic
# ^ := Server.c
# automatic
# ? := Server.c
# variable set hash-table stats:
# Load=8/32=25%, Rehash=0, Collisions=1/16=6%
#  recipe to execute (from 'Makefile', line 18):
	$(CC) $(CFLAGS) Server.c -o $(BuildFolder)/$(EXE_Server)

# Not a target:
Client.c:
#  Implicit rule search has not been done.
#  Modification time never checked.
#  File has not been updated.

# Not a target:
.DEFAULT:
#  Implicit rule search has not been done.
#  Modification time never checked.
#  File has not been updated.

# Not a target:
Server.c:
#  Implicit rule search has been done.
#  Last modified 2022-08-24 15:20:25.154775
#  File has been updated.
#  Successfully updated.

clean:
#  Implicit rule search has not been done.
#  Modification time never checked.
#  File has not been updated.
#  recipe to execute (from 'Makefile', line 22):
	rm -rf $(BuildFolder)/$(EXE_Server) $(BuildFolder)/$(EXE_Client)

# files hash-table stats:
# Load=10/1024=1%, Rehash=0, Collisions=0/29=0%
# VPATH Search Paths

# No 'vpath' search paths.

# No general ('VPATH' variable) search path.

# strcache buffers: 1 (0) / strings = 20 / storage = 195 B / avg = 9 B
# current buf: size = 8162 B / used = 195 B / count = 20 / avg = 9 B

# strcache performance: lookups = 36 / hit rate = 44%
# hash-table stats:
# Load=20/8192=0%, Rehash=0, Collisions=1/36=3%
# Finished Make data base on Wed Aug 24 15:24:19 2022

 
